Crashlog created at Sun Jan 06 11:21:14 +0100 2013

=== MESSAGE:

NoMethodError: undefined method `find_all' for Gem::Specification:Class

=== COMPILATION STACK:

  (empty)

=== BACKTRACE:

  0. /Library/Ruby/Gems/1.8/gems/nanoc-3.4.3/lib/nanoc/cli/error_handler.rb:272:in `gems_and_versions'
  1. /Library/Ruby/Gems/1.8/gems/nanoc-3.4.3/lib/nanoc/cli/error_handler.rb:217:in `write_verbose_error'
  2. /Library/Ruby/Gems/1.8/gems/nanoc-3.4.3/lib/nanoc/cli/error_handler.rb:92:in `print_error'
  3. /Library/Ruby/Gems/1.8/gems/nanoc-3.4.3/lib/nanoc/cli/error_handler.rb:92:in `open'
  4. /Library/Ruby/Gems/1.8/gems/nanoc-3.4.3/lib/nanoc/cli/error_handler.rb:92:in `print_error'
  5. /Library/Ruby/Gems/1.8/gems/nanoc-3.4.3/lib/nanoc/cli/error_handler.rb:70:in `handle_while'
  6. /Library/Ruby/Gems/1.8/gems/nanoc-3.4.3/lib/nanoc/cli/error_handler.rb:26:in `handle_while'
  7. /Library/Ruby/Gems/1.8/gems/nanoc-3.4.3/lib/nanoc/cli/command_runner.rb:13:in `call'
  8. /Library/Ruby/Gems/1.8/gems/cri-2.3.0/lib/cri/command_dsl.rb:185:in `runner'
  9. /Library/Ruby/Gems/1.8/gems/cri-2.3.0/lib/cri/command.rb:296:in `call'
  10. /Library/Ruby/Gems/1.8/gems/cri-2.3.0/lib/cri/command.rb:296:in `run_this'
  11. /Library/Ruby/Gems/1.8/gems/cri-2.3.0/lib/cri/command.rb:249:in `run'
  12. /Library/Ruby/Gems/1.8/gems/cri-2.3.0/lib/cri/command.rb:262:in `run'
  13. /Library/Ruby/Gems/1.8/gems/nanoc-3.4.3/lib/nanoc/cli.rb:52:in `run'
  14. /Library/Ruby/Gems/1.8/gems/nanoc-3.4.3/lib/nanoc/cli/error_handler.rb:63:in `handle_while'
  15. /Library/Ruby/Gems/1.8/gems/nanoc-3.4.3/lib/nanoc/cli/error_handler.rb:26:in `handle_while'
  16. /Library/Ruby/Gems/1.8/gems/nanoc-3.4.3/lib/nanoc/cli.rb:50:in `run'
  17. /Library/Ruby/Gems/1.8/gems/nanoc-3.4.3/bin/nanoc:19
  18. /usr/bin/nanoc:19:in `load'
  19. /usr/bin/nanoc:19

=== VERSION INFORMATION:

nanoc 3.4.3 © 2007-2012 Denis Defreyne.
Running ruby 1.8.7 (2012-02-08) on universal-darwin12.0 with RubyGems 1.3.6.

=== SYSTEM INFORMATION:

Darwin mbp15ret-4.local 12.2.1 Darwin Kernel Version 12.2.1: Thu Oct 18 16:32:48 PDT 2012; root:xnu-2050.20.9~2/RELEASE_X86_64 x86_64

=== INSTALLED GEMS:

